[debug] [2019-05-10T12:36:39.062Z] ----------------------------------------------------------------------
[debug] [2019-05-10T12:36:39.065Z] Command:       C:\Program Files\nodejs\node.exe C:\Users\Legate 001\AppData\Roaming\npm\node_modules\firebase-tools\lib\bin\firebase.js init
[debug] [2019-05-10T12:36:39.066Z] CLI Version:   6.8.0
[debug] [2019-05-10T12:36:39.066Z] Platform:      win32
[debug] [2019-05-10T12:36:39.066Z] Node Version:  v10.15.1
[debug] [2019-05-10T12:36:39.067Z] Time:          Fri May 10 2019 14:36:39 GMT+0200 (Eastern European Standard Time)
[debug] [2019-05-10T12:36:39.067Z] ----------------------------------------------------------------------
[debug] 
[debug] [2019-05-10T12:36:39.084Z] > command requires scopes: ["email","openid","https://www.googleapis.com/auth/cloudplatformprojects.readonly","https://www.googleapis.com/auth/firebase","https://www.googleapis.com/auth/cloud-platform"]
[debug] [2019-05-10T12:36:39.085Z] > authorizing via signed-in user
[info] 
     ######## #### ########  ######## ########     ###     ######  ########
     ##        ##  ##     ## ##       ##     ##  ##   ##  ##       ##
     ######    ##  ########  ######   ########  #########  ######  ######
     ##        ##  ##    ##  ##       ##     ## ##     ##       ## ##
     ##       #### ##     ## ######## ########  ##     ##  ######  ########

You're about to initialize a Firebase project in this directory:

  D:\Learning\Angular Learning\Angular Learning (Mosh Hamedani UDEMY)\Course\21ProjectProduct Management Module\oshop-auth-complete\oshop

Before we get started, keep in mind:

  * You are initializing in an existing Firebase project directory

[info] 
=== Project Setup
[info] 
[info] First, let's associate this project directory with a Firebase project.
[info] You can create multiple project aliases by running firebase use --add, 
[info] but for now we'll just set up a default project.
[info] 
[info] i  .firebaserc already has a default project, skipping
[info] 
=== Hosting Setup
[info] 
[info] Your public directory is the folder (relative to your project directory) that
[info] will contain Hosting assets to be uploaded with firebase deploy. If you
[info] have a build process for your assets, use your build's output directory.
[info] 
[debug] [2019-05-10T12:37:14.918Z] >>> HTTP REQUEST GET https://www.gstatic.com/firebasejs/releases.json  
 
[debug] [2019-05-10T12:37:26.991Z] Error: getaddrinfo ENOTFOUND www.gstatic.com www.gstatic.com:443
    at GetAddrInfoReqWrap.onlookup [as oncomplete] (dns.js:57:26)
[error] 
[error] Error: Server Error. getaddrinfo ENOTFOUND www.gstatic.com www.gstatic.com:443
[debug] [2019-05-10T12:37:42.217Z] ----------------------------------------------------------------------
[debug] [2019-05-10T12:37:42.220Z] Command:       C:\Program Files\nodejs\node.exe C:\Users\Legate 001\AppData\Roaming\npm\node_modules\firebase-tools\lib\bin\firebase.js init
[debug] [2019-05-10T12:37:42.220Z] CLI Version:   6.8.0
[debug] [2019-05-10T12:37:42.220Z] Platform:      win32
[debug] [2019-05-10T12:37:42.220Z] Node Version:  v10.15.1
[debug] [2019-05-10T12:37:42.222Z] Time:          Fri May 10 2019 14:37:42 GMT+0200 (Eastern European Standard Time)
[debug] [2019-05-10T12:37:42.222Z] ----------------------------------------------------------------------
[debug] 
[debug] [2019-05-10T12:37:42.237Z] > command requires scopes: ["email","openid","https://www.googleapis.com/auth/cloudplatformprojects.readonly","https://www.googleapis.com/auth/firebase","https://www.googleapis.com/auth/cloud-platform"]
[debug] [2019-05-10T12:37:42.237Z] > authorizing via signed-in user
[info] 
     ######## #### ########  ######## ########     ###     ######  ########
     ##        ##  ##     ## ##       ##     ##  ##   ##  ##       ##
     ######    ##  ########  ######   ########  #########  ######  ######
     ##        ##  ##    ##  ##       ##     ## ##     ##       ## ##
     ##       #### ##     ## ######## ########  ##     ##  ######  ########

You're about to initialize a Firebase project in this directory:

  D:\Learning\Angular Learning\Angular Learning (Mosh Hamedani UDEMY)\Course\21ProjectProduct Management Module\oshop-auth-complete\oshop

Before we get started, keep in mind:

  * You are initializing in an existing Firebase project directory

[info] 
=== Project Setup
[info] 
[info] First, let's associate this project directory with a Firebase project.
[info] You can create multiple project aliases by running firebase use --add, 
[info] but for now we'll just set up a default project.
[info] 
[info] i  .firebaserc already has a default project, skipping
[info] 
=== Hosting Setup
[info] 
[info] Your public directory is the folder (relative to your project directory) that
[info] will contain Hosting assets to be uploaded with firebase deploy. If you
[info] have a build process for your assets, use your build's output directory.
[info] 
[debug] [2019-05-10T12:38:13.306Z] >>> HTTP REQUEST GET https://www.gstatic.com/firebasejs/releases.json  
 
[debug] [2019-05-10T12:38:25.401Z] Error: getaddrinfo ENOTFOUND www.gstatic.com www.gstatic.com:443
    at GetAddrInfoReqWrap.onlookup [as oncomplete] (dns.js:57:26)
[error] 
[error] Error: Server Error. getaddrinfo ENOTFOUND www.gstatic.com www.gstatic.com:443
